<?xml version="1.0" encoding="UTF-8"?>
<testng-results ignored="0" total="1" passed="1" failed="0" skipped="0">
  <reporter-output>
  </reporter-output>
  <suite started-at="2022-04-05T11:03:32 IST" name="Default suite" finished-at="2022-04-05T11:04:00 IST" duration-ms="27828">
    <groups>
    </groups>
    <test started-at="2022-04-05T11:03:32 IST" name="Default test" finished-at="2022-04-05T11:04:00 IST" duration-ms="27828">
      <class name="com.AutomationPracties.Bluestone1">
        <test-method signature="bluestone()[pri:0, instance:com.AutomationPracties.Bluestone1@2f8dad04]" started-at="2022-04-05T11:03:32 IST" name="bluestone" finished-at="2022-04-05T11:04:00 IST" duration-ms="27707" status="PASS">
          <reporter-output>
          </reporter-output>
        </test-method> <!-- bluestone -->
      </class> <!-- com.AutomationPracties.Bluestone1 -->
    </test> <!-- Default test -->
  </suite> <!-- Default suite -->
</testng-results>
